<?xml version="1.0" encoding="UTF-8"?>
<!-- Generated by org.testng.reporters.JUnitReportReporter -->
<testsuite hostname="DESKTOP-D3234P5" failures="0" tests="3" name="com.orange.SingleData" time="0.012" errors="0" timestamp="17 Jan 2024 14:13:29 GMT" skipped="0">
  <testcase classname="com.orange.SingleData" name="TestLogin" time="0.001"/>
  <testcase classname="com.orange.SingleData" name="TestLogin" time="0.001"/>
  <testcase classname="com.orange.SingleData" name="TestLogin" time="0.010"/>
</testsuite> <!-- com.orange.SingleData -->
