<?xml version="1.0" encoding="UTF-8"?>
<!-- Generated by org.testng.reporters.JUnitReportReporter -->
<testsuite hostname="DESKTOP-D3234P5" failures="0" tests="2" name="com.orange.dataprovider" time="4.733" errors="0" timestamp="17 Jan 2024 12:24:53 GMT" skipped="0">
  <testcase classname="com.orange.dataprovider" name="TestLogin" time="1.687"/>
  <testcase classname="com.orange.dataprovider" name="TestLogin" time="3.046"/>
</testsuite> <!-- com.orange.dataprovider -->
