<?xml version="1.0" encoding="UTF-8"?>
<!-- Generated by org.testng.reporters.JUnitReportReporter -->
<testsuite hostname="DESKTOP-D3234P5" failures="0" tests="3" name="com.orange.DataProvClass" time="0.009" errors="0" timestamp="17 Jan 2024 14:30:41 GMT" skipped="0">
  <testcase classname="com.orange.DataProvClass" name="TestLogin" time="0.000"/>
  <testcase classname="com.orange.DataProvClass" name="TestLogin" time="0.008"/>
  <testcase classname="com.orange.DataProvClass" name="TestLogin" time="0.001"/>
</testsuite> <!-- com.orange.DataProvClass -->
